<?xml version="1.0" encoding="UTF-8"?>
<testsuite name="Positive" tests="4" skipped="0" failures="0" errors="0" timestamp="2021-12-11T09:05:05" hostname="DESKTOP-G1RJ3NQ" time="12.499">
  <properties/>
  <testcase name="forgotPassEmail()" classname="Positive" time="5.179"/>
  <testcase name="forgotPass()" classname="Positive" time="2.355"/>
  <testcase name="login()" classname="Positive" time="4.0"/>
  <testcase name="passVisible()" classname="Positive" time="0.965"/>
  <system-out><![CDATA[]]></system-out>
  <system-err><![CDATA[SLF4J: Failed to load class "org.slf4j.impl.StaticLoggerBinder".
SLF4J: Defaulting to no-operation (NOP) logger implementation
SLF4J: See http://www.slf4j.org/codes.html#StaticLoggerBinder for further details.
Starting ChromeDriver 96.0.4664.45 (76e4c1bb2ab4671b8beba3444e61c0f17584b2fc-refs/branch-heads/4664@{#947}) on port 53595
Only local connections are allowed.
Please see https://chromedriver.chromium.org/security-considerations for suggestions on keeping ChromeDriver safe.
ChromeDriver was started successfully.
дек. 11, 2021 4:05:06 PM org.openqa.selenium.remote.ProtocolHandshake createSession
INFO: Detected dialect: W3C
дек. 11, 2021 4:05:06 PM org.openqa.selenium.devtools.CdpVersionFinder findNearestMatch
INFO: Found exact CDP implementation for version 96
]]></system-err>
</testsuite>
